<?xml version="1.0" encoding="UTF-8"?>
<testng-results ignored="0" total="1" passed="1" failed="0" skipped="0">
  <reporter-output>
    <line>
      <![CDATA[Lunching URL https://opensource-demo.orangehrmlive.com/]]>
    </line>
    <line>
      <![CDATA[-Login into page by inputting userName, Password and click login button-]]>
    </line>
    <line>
      <![CDATA[-user is successfully logged into the page-]]>
    </line>
    <line>
      <![CDATA[-user selects admin page-]]>
    </line>
    <line>
      <![CDATA[-user is Admin / user management page-]]>
    </line>
    <line>
      <![CDATA[-Search for user name TestUserJuli-]]>
    </line>
    <line>
      <![CDATA[-Validating user search = TestUserJuli-]]>
    </line>
    <line>
      <![CDATA[-Validating user search = TestUserJuli is not found-]]>
    </line>
    <line>
      <![CDATA[-logging out app-]]>
    </line>
    <line>
      <![CDATA[-Validate user has logged out successfully-]]>
    </line>
  </reporter-output>
  <suite started-at="2023-02-09T19:51:22 COT" name="Default Suite" finished-at="2023-02-09T19:51:50 COT" duration-ms="27470">
    <groups>
    </groups>
    <test started-at="2023-02-09T19:51:22 COT" name="Seleniumcourse2" finished-at="2023-02-09T19:51:50 COT" duration-ms="27470">
      <class name="com.opensource.admin.qa.TC004_Admin_DeleteUser_POM">
        <test-method is-config="true" signature="beforeTest()[pri:0, instance:com.opensource.admin.qa.TC004_Admin_DeleteUser_POM@503d687a]" started-at="2023-02-09T19:51:22 COT" name="beforeTest" finished-at="2023-02-09T19:51:26 COT" duration-ms="3695" status="PASS">
          <reporter-output>
          </reporter-output>
        </test-method> <!-- beforeTest -->
        <test-method signature="TC004_Admin_DeleteUser_POM()[pri:0, instance:com.opensource.admin.qa.TC004_Admin_DeleteUser_POM@503d687a]" started-at="2023-02-09T19:51:26 COT" name="TC004_Admin_DeleteUser_POM" finished-at="2023-02-09T19:51:49 COT" duration-ms="23510" status="PASS">
          <reporter-output>
            <line>
              <![CDATA[Lunching URL https://opensource-demo.orangehrmlive.com/]]>
            </line>
            <line>
              <![CDATA[-Login into page by inputting userName, Password and click login button-]]>
            </line>
            <line>
              <![CDATA[-user is successfully logged into the page-]]>
            </line>
            <line>
              <![CDATA[-user selects admin page-]]>
            </line>
            <line>
              <![CDATA[-user is Admin / user management page-]]>
            </line>
            <line>
              <![CDATA[-Search for user name TestUserJuli-]]>
            </line>
            <line>
              <![CDATA[-Validating user search = TestUserJuli-]]>
            </line>
            <line>
              <![CDATA[-Validating user search = TestUserJuli is not found-]]>
            </line>
            <line>
              <![CDATA[-logging out app-]]>
            </line>
            <line>
              <![CDATA[-Validate user has logged out successfully-]]>
            </line>
          </reporter-output>
        </test-method> <!-- TC004_Admin_DeleteUser_POM -->
        <test-method is-config="true" signature="afterTest()[pri:0, instance:com.opensource.admin.qa.TC004_Admin_DeleteUser_POM@503d687a]" started-at="2023-02-09T19:51:49 COT" name="afterTest" finished-at="2023-02-09T19:51:50 COT" duration-ms="211" status="PASS">
          <reporter-output>
          </reporter-output>
        </test-method> <!-- afterTest -->
      </class> <!-- com.opensource.admin.qa.TC004_Admin_DeleteUser_POM -->
    </test> <!-- Seleniumcourse2 -->
  </suite> <!-- Default Suite -->
</testng-results>
